app/build/intermediates/manifest_merge_blame_file/debug/manifest-merger-blame-debug-report.txt
1<?xml version="1.0" encoding="utf-8"?>
2<manifest xmlns:android="http://schemas.android.com/apk/res/android"
3    package="com.seeho.riotproject"
4    android:versionCode="1"
5    android:versionName="1.0" >
6
7    <uses-sdk
8        android:minSdkVersion="24"
9        android:targetSdkVersion="34" />
10
11    <permission
11-->[androidx.core:core:1.12.0] AndroidManifest.xml:22:5-24:47
12        android:name="com.seeho.riotproject.DYNAMIC_RECEIVER_NOT_EXPORTED_PERMISSION"
12-->[androidx.core:core:1.12.0] AndroidManifest.xml:23:9-81
13        android:protectionLevel="signature" />
13-->[androidx.core:core:1.12.0] AndroidManifest.xml:24:9-44
14
15    <uses-permission android:name="com.seeho.riotproject.DYNAMIC_RECEIVER_NOT_EXPORTED_PERMISSION" />
15-->[androidx.core:core:1.12.0] AndroidManifest.xml:26:5-97
15-->[androidx.core:core:1.12.0] AndroidManifest.xml:26:22-94
16
17    <application
17-->src/main/AndroidManifest.xml:5:5-26:19
18        android:allowBackup="true"
18-->src/main/AndroidManifest.xml:6:9-35
19        android:appComponentFactory="androidx.core.app.CoreComponentFactory"
19-->[androidx.core:core:1.12.0] AndroidManifest.xml:28:18-86
20        android:dataExtractionRules="@xml/data_extraction_rules"
20-->src/main/AndroidManifest.xml:7:9-65
21        android:debuggable="true"
22        android:extractNativeLibs="false"
23        android:fullBackupContent="@xml/backup_rules"
23-->src/main/AndroidManifest.xml:8:9-54
24        android:icon="@mipmap/ic_launcher"
24-->src/main/AndroidManifest.xml:9:9-43
25        android:label="@string/app_name"
25-->src/main/AndroidManifest.xml:10:9-41
26        android:roundIcon="@mipmap/ic_launcher_round"
26-->src/main/AndroidManifest.xml:11:9-54
27        android:supportsRtl="true"
27-->src/main/AndroidManifest.xml:12:9-35
28        android:testOnly="true"
29        android:theme="@style/Theme.RiotProject" >
29-->src/main/AndroidManifest.xml:13:9-49
30        <activity
30-->src/main/AndroidManifest.xml:15:9-25:20
31            android:name="com.seeho.riotproject.MainActivity"
31-->src/main/AndroidManifest.xml:16:13-41
32            android:exported="true"
32-->src/main/AndroidManifest.xml:17:13-36
33            android:label="@string/app_name"
33-->src/main/AndroidManifest.xml:18:13-45
34            android:theme="@style/Theme.RiotProject" >
34-->src/main/AndroidManifest.xml:19:13-53
35            <intent-filter>
35-->src/main/AndroidManifest.xml:20:13-24:29
36                <action android:name="android.intent.action.MAIN" />
36-->src/main/AndroidManifest.xml:21:17-69
36-->src/main/AndroidManifest.xml:21:25-66
37
38                <category android:name="android.intent.category.LAUNCHER" />
38-->src/main/AndroidManifest.xml:23:17-77
38-->src/main/AndroidManifest.xml:23:27-74
39            </intent-filter>
40        </activity>
41
42        <uses-library
42-->[androidx.window:window:1.1.0] AndroidManifest.xml:23:9-25:40
43            android:name="androidx.window.extensions"
43-->[androidx.window:window:1.1.0] AndroidManifest.xml:24:13-54
44            android:required="false" />
44-->[androidx.window:window:1.1.0] AndroidManifest.xml:25:13-37
45        <uses-library
45-->[androidx.window:window:1.1.0] AndroidManifest.xml:26:9-28:40
46            android:name="androidx.window.sidecar"
46-->[androidx.window:window:1.1.0] AndroidManifest.xml:27:13-51
47            android:required="false" />
47-->[androidx.window:window:1.1.0] AndroidManifest.xml:28:13-37
48
49        <activity
49-->[androidx.compose.ui:ui-tooling-android:1.5.4] AndroidManifest.xml:23:9-25:39
50            android:name="androidx.compose.ui.tooling.PreviewActivity"
50-->[androidx.compose.ui:ui-tooling-android:1.5.4] AndroidManifest.xml:24:13-71
51            android:exported="true" />
51-->[androidx.compose.ui:ui-tooling-android:1.5.4] AndroidManifest.xml:25:13-36
52        <activity
52-->[androidx.compose.ui:ui-test-manifest:1.5.4] AndroidManifest.xml:23:9-25:39
53            android:name="androidx.activity.ComponentActivity"
53-->[androidx.compose.ui:ui-test-manifest:1.5.4] AndroidManifest.xml:24:13-63
54            android:exported="true" />
54-->[androidx.compose.ui:ui-test-manifest:1.5.4] AndroidManifest.xml:25:13-36
55
56        <provider
56-->[androidx.compose.runtime:runtime-tracing:1.0.0-alpha03] AndroidManifest.xml:39:9-47:20
57            android:name="androidx.startup.InitializationProvider"
57-->[androidx.compose.runtime:runtime-tracing:1.0.0-alpha03] AndroidManifest.xml:40:13-67
58            android:authorities="com.seeho.riotproject.androidx-startup"
58-->[androidx.compose.runtime:runtime-tracing:1.0.0-alpha03] AndroidManifest.xml:41:13-68
59            android:exported="false" >
59-->[androidx.compose.runtime:runtime-tracing:1.0.0-alpha03] AndroidManifest.xml:42:13-37
60            <meta-data
60-->[androidx.compose.runtime:runtime-tracing:1.0.0-alpha03] AndroidManifest.xml:44:13-46:52
61                android:name="androidx.compose.runtime.tracing.TracingInitializer"
61-->[androidx.compose.runtime:runtime-tracing:1.0.0-alpha03] AndroidManifest.xml:45:17-83
62                android:value="androidx.startup" />
62-->[androidx.compose.runtime:runtime-tracing:1.0.0-alpha03] AndroidManifest.xml:46:17-49
63            <meta-data
63-->[androidx.emoji2:emoji2:1.4.0] AndroidManifest.xml:29:13-31:52
64                android:name="androidx.emoji2.text.EmojiCompatInitializer"
64-->[androidx.emoji2:emoji2:1.4.0] AndroidManifest.xml:30:17-75
65                android:value="androidx.startup" />
65-->[androidx.emoji2:emoji2:1.4.0] AndroidManifest.xml:31:17-49
66            <meta-data
66-->[androidx.lifecycle:lifecycle-process:2.6.2] AndroidManifest.xml:29:13-31:52
67                android:name="androidx.lifecycle.ProcessLifecycleInitializer"
67-->[androidx.lifecycle:lifecycle-process:2.6.2] AndroidManifest.xml:30:17-78
68                android:value="androidx.startup" />
68-->[androidx.lifecycle:lifecycle-process:2.6.2] AndroidManifest.xml:31:17-49
69            <meta-data
69-->[androidx.profileinstaller:profileinstaller:1.3.1] AndroidManifest.xml:29:13-31:52
70                android:name="androidx.profileinstaller.ProfileInstallerInitializer"
70-->[androidx.profileinstaller:profileinstaller:1.3.1] AndroidManifest.xml:30:17-85
71                android:value="androidx.startup" />
71-->[androidx.profileinstaller:profileinstaller:1.3.1] AndroidManifest.xml:31:17-49
72        </provider>
73
74        <receiver
74-->[androidx.profileinstaller:profileinstaller:1.3.1] AndroidManifest.xml:34:9-52:20
75            android:name="androidx.profileinstaller.ProfileInstallReceiver"
75-->[androidx.profileinstaller:profileinstaller:1.3.1] AndroidManifest.xml:35:13-76
76            android:directBootAware="false"
76-->[androidx.profileinstaller:profileinstaller:1.3.1] AndroidManifest.xml:36:13-44
77            android:enabled="true"
77-->[androidx.profileinstaller:profileinstaller:1.3.1] AndroidManifest.xml:37:13-35
78            android:exported="true"
78-->[androidx.profileinstaller:profileinstaller:1.3.1] AndroidManifest.xml:38:13-36
79            android:permission="android.permission.DUMP" >
79-->[androidx.profileinstaller:profileinstaller:1.3.1] AndroidManifest.xml:39:13-57
80            <intent-filter>
80-->[androidx.profileinstaller:profileinstaller:1.3.1] AndroidManifest.xml:40:13-42:29
81                <action android:name="androidx.profileinstaller.action.INSTALL_PROFILE" />
81-->[androidx.profileinstaller:profileinstaller:1.3.1] AndroidManifest.xml:41:17-91
81-->[androidx.profileinstaller:profileinstaller:1.3.1] AndroidManifest.xml:41:25-88
82            </intent-filter>
83            <intent-filter>
83-->[androidx.profileinstaller:profileinstaller:1.3.1] AndroidManifest.xml:43:13-45:29
84                <action android:name="androidx.profileinstaller.action.SKIP_FILE" />
84-->[androidx.profileinstaller:profileinstaller:1.3.1] AndroidManifest.xml:44:17-85
84-->[androidx.profileinstaller:profileinstaller:1.3.1] AndroidManifest.xml:44:25-82
85            </intent-filter>
86            <intent-filter>
86-->[androidx.profileinstaller:profileinstaller:1.3.1] AndroidManifest.xml:46:13-48:29
87                <action android:name="androidx.profileinstaller.action.SAVE_PROFILE" />
87-->[androidx.profileinstaller:profileinstaller:1.3.1] AndroidManifest.xml:47:17-88
87-->[androidx.profileinstaller:profileinstaller:1.3.1] AndroidManifest.xml:47:25-85
88            </intent-filter>
89            <intent-filter>
89-->[androidx.profileinstaller:profileinstaller:1.3.1] AndroidManifest.xml:49:13-51:29
90                <action android:name="androidx.profileinstaller.action.BENCHMARK_OPERATION" />
90-->[androidx.profileinstaller:profileinstaller:1.3.1] AndroidManifest.xml:50:17-95
90-->[androidx.profileinstaller:profileinstaller:1.3.1] AndroidManifest.xml:50:25-92
91            </intent-filter>
92        </receiver>
93        <receiver
93-->[androidx.tracing:tracing-perfetto:1.0.0-alpha11] AndroidManifest.xml:23:9-34:20
94            android:name="androidx.tracing.perfetto.TracingReceiver"
94-->[androidx.tracing:tracing-perfetto:1.0.0-alpha11] AndroidManifest.xml:24:13-69
95            android:directBootAware="false"
95-->[androidx.tracing:tracing-perfetto:1.0.0-alpha11] AndroidManifest.xml:25:13-44
96            android:enabled="true"
96-->[androidx.tracing:tracing-perfetto:1.0.0-alpha11] AndroidManifest.xml:26:13-35
97            android:exported="true"
97-->[androidx.tracing:tracing-perfetto:1.0.0-alpha11] AndroidManifest.xml:27:13-36
98            android:permission="android.permission.DUMP" >
98-->[androidx.tracing:tracing-perfetto:1.0.0-alpha11] AndroidManifest.xml:28:13-57
99
100            <!-- Note: DUMP above highly limits who can call the receiver; Shell has DUMP perm. -->
101            <intent-filter>
101-->[androidx.tracing:tracing-perfetto:1.0.0-alpha11] AndroidManifest.xml:31:13-33:29
102                <action android:name="androidx.tracing.perfetto.action.ENABLE_TRACING" />
102-->[androidx.tracing:tracing-perfetto:1.0.0-alpha11] AndroidManifest.xml:32:17-90
102-->[androidx.tracing:tracing-perfetto:1.0.0-alpha11] AndroidManifest.xml:32:25-87
103            </intent-filter>
104        </receiver>
105    </application>
106
107</manifest>